<?xml version="1.0" encoding="UTF-8"?>
<testsuite xmlns:xsi="http://www.w3.org/2001/XMLSchema-instance" xsi:noNamespaceSchemaLocation="https://maven.apache.org/surefire/maven-surefire-plugin/xsd/surefire-test-report-3.0.xsd" version="3.0" name="ventas.domain.VentaTest" time="0.011" tests="7" errors="0" skipped="0" failures="0">
  <properties>
[...]
</properties>
  <testcase name="noPermiteModificarLaListaDeDetallesDirectamente" classname="ventas.domain.VentaTest" time="0.001"/>
  <testcase name="rechazaAsignarClienteNulo" classname="ventas.domain.VentaTest" time="0.001"/>
  <testcase name="agregaDetalleValidoYCalculaSubtotal" classname="ventas.domain.VentaTest" time="0.001"/>
  <testcase name="calculaTotalComoSumaDeSubtotales" classname="ventas.domain.VentaTest" time="0.001"/>
  <testcase name="asignaClienteValidoYLoObtiene" classname="ventas.domain.VentaTest" time="0.001"/>
  <testcase name="rechazaCantidadCeroOMenorAlAgregar" classname="ventas.domain.VentaTest" time="0.001"/>
  <testcase name="precioCapturadoNoCambiaSiElProductoCambiaDespues" classname="ventas.domain.VentaTest" time="0.0"/>
</testsuite>