<?xml version="1.0" encoding="UTF-8"?>
<testsuite xmlns:xsi="http://www.w3.org/2001/XMLSchema-instance" xsi:noNamespaceSchemaLocation="https://maven.apache.org/surefire/maven-surefire-plugin/xsd/surefire-test-report-3.0.xsd" version="3.0" name="ventas.domain.DineroTest" time="0.111" tests="5" errors="0" skipped="0" failures="0">
  <properties>
[...]
</properties>
  <testcase name="dosDinerosConElMismoMontoSonIguales" classname="ventas.domain.DineroTest" time="0.048"/>
  <testcase name="multiplicaPorUnFactor" classname="ventas.domain.DineroTest" time="0.002"/>
  <testcase name="creaDineroValido" classname="ventas.domain.DineroTest" time="0.002"/>
  <testcase name="rechazaMontoNegativo" classname="ventas.domain.DineroTest" time="0.003"/>
  <testcase name="sumaDosMontos" classname="ventas.domain.DineroTest" time="0.002"/>
</testsuite>